[2026-01-20 13:30:12,508] pacman-4/INFO/locust.main: Starting Locust 2.43.1
[2026-01-20 13:30:12,510] pacman-4/INFO/locust.main: Run time limit set to 15 seconds
Type     Name                                                                          # reqs      # fails |    Avg     Min     Max    Med |   req/s  failures/s
--------|----------------------------------------------------------------------------|-------|-------------|-------|-------|-------|-------|--------|-----------
--------|----------------------------------------------------------------------------|-------|-------------|-------|-------|-------|-------|--------|-----------
         Aggregated                                                                         0     0(0.00%) |      0       0       0      0 |    0.00        0.00

[2026-01-20 13:30:12,512] pacman-4/INFO/locust.runners: Ramping to 3 users at a rate of 3.00 per second
[2026-01-20 13:30:12,512] pacman-4/INFO/locust.runners: All users spawned: {"AdminUser": 0, "LandlordUser": 1, "TenantUser": 2} (3 total users)
Type     Name                                                                          # reqs      # fails |    Avg     Min     Max    Med |   req/s  failures/s
--------|----------------------------------------------------------------------------|-------|-------------|-------|-------|-------|-------|--------|-----------
POST     [Auth] Register                                                                    3     0(0.00%) |    185     183     188    183 |    0.00        0.00
GET      [Landlord] My Tickets                                                              1     0(0.00%) |      7       7       7      7 |    0.00        0.00
GET      [Tenant] Search Props                                                              1     0(0.00%) |      9       9       9      9 |    0.00        0.00
--------|----------------------------------------------------------------------------|-------|-------------|-------|-------|-------|-------|--------|-----------
         Aggregated                                                                         5     0(0.00%) |    114       7     188    180 |    0.00        0.00

Type     Name                                                                          # reqs      # fails |    Avg     Min     Max    Med |   req/s  failures/s
--------|----------------------------------------------------------------------------|-------|-------------|-------|-------|-------|-------|--------|-----------
POST     [Auth] Register                                                                    3     0(0.00%) |    185     183     188    183 |    3.00        0.00
GET      [Landlord] My Tickets                                                              1     0(0.00%) |      7       7       7      7 |    1.00        0.00
GET      [Tenant] Search Props                                                              2     0(0.00%) |     12       9      15      9 |    1.00        0.00
--------|----------------------------------------------------------------------------|-------|-------------|-------|-------|-------|-------|--------|-----------
         Aggregated                                                                         6     0(0.00%) |     98       7     188     16 |    5.00        0.00

Type     Name                                                                          # reqs      # fails |    Avg     Min     Max    Med |   req/s  failures/s
--------|----------------------------------------------------------------------------|-------|-------------|-------|-------|-------|-------|--------|-----------
POST     [Auth] Register                                                                    3     0(0.00%) |    185     183     188    183 |    0.75        0.00
GET      [Landlord] My Tickets                                                              1     0(0.00%) |      7       7       7      7 |    0.25        0.00
GET      [Tenant] My Tickets                                                                1     0(0.00%) |      9       9       9      9 |    0.00        0.00
GET      [Tenant] Search Props                                                              2     0(0.00%) |     12       9      15      9 |    0.50        0.00
--------|----------------------------------------------------------------------------|-------|-------------|-------|-------|-------|-------|--------|-----------
         Aggregated                                                                         7     0(0.00%) |     85       7     188     16 |    1.50        0.00

Type     Name                                                                          # reqs      # fails |    Avg     Min     Max    Med |   req/s  failures/s
--------|----------------------------------------------------------------------------|-------|-------------|-------|-------|-------|-------|--------|-----------
POST     [Auth] Register                                                                    3     0(0.00%) |    185     183     188    183 |    0.60        0.00
GET      [Landlord] Earnings                                                                1     0(0.00%) |     38      38      38     38 |    0.00        0.00
GET      [Landlord] My Tickets                                                              1     0(0.00%) |      7       7       7      7 |    0.20        0.00
GET      [Landlord] Payout Methods                                                          1     0(0.00%) |      9       9       9      9 |    0.00        0.00
GET      [Tenant] My Tickets                                                                1     0(0.00%) |      9       9       9      9 |    0.00        0.00
GET      [Tenant] Search Props                                                              2     0(0.00%) |     12       9      15      9 |    0.40        0.00
--------|----------------------------------------------------------------------------|-------|-------------|-------|-------|-------|-------|--------|-----------
         Aggregated                                                                         9     0(0.00%) |     71       7     188     16 |    1.20        0.00

Type     Name                                                                          # reqs      # fails |    Avg     Min     Max    Med |   req/s  failures/s
--------|----------------------------------------------------------------------------|-------|-------------|-------|-------|-------|-------|--------|-----------
POST     [Auth] Register                                                                    3     0(0.00%) |    185     183     188    183 |    0.43        0.00
GET      [Landlord] Earnings                                                                1     0(0.00%) |     38      38      38     38 |    0.00        0.00
GET      [Landlord] My Tickets                                                              1     0(0.00%) |      7       7       7      7 |    0.14        0.00
GET      [Landlord] Payout Methods                                                          1     0(0.00%) |      9       9       9      9 |    0.00        0.00
GET      [Tenant] My Tickets                                                                1     0(0.00%) |      9       9       9      9 |    0.14        0.00
GET      [Tenant] Search Props                                                              2     0(0.00%) |     12       9      15      9 |    0.29        0.00
GET      [Tenant] Search Roommates                                                          1     0(0.00%) |     22      22      22     22 |    0.00        0.00
--------|----------------------------------------------------------------------------|-------|-------------|-------|-------|-------|-------|--------|-----------
         Aggregated                                                                        10     0(0.00%) |     66       7     188     16 |    1.00        0.00

Type     Name                                                                          # reqs      # fails |    Avg     Min     Max    Med |   req/s  failures/s
--------|----------------------------------------------------------------------------|-------|-------------|-------|-------|-------|-------|--------|-----------
POST     [Auth] Register                                                                    3     0(0.00%) |    185     183     188    183 |    0.43        0.00
GET      [Landlord] Earnings                                                                1     0(0.00%) |     38      38      38     38 |    0.00        0.00
GET      [Landlord] My Tickets                                                              1     0(0.00%) |      7       7       7      7 |    0.14        0.00
GET      [Landlord] Payout Methods                                                          1     0(0.00%) |      9       9       9      9 |    0.00        0.00
GET      [Tenant] My Tickets                                                                1     0(0.00%) |      9       9       9      9 |    0.14        0.00
GET      [Tenant] Search Props                                                              2     0(0.00%) |     12       9      15      9 |    0.29        0.00
GET      [Tenant] Search Roommates                                                          1     0(0.00%) |     22      22      22     22 |    0.00        0.00
--------|----------------------------------------------------------------------------|-------|-------------|-------|-------|-------|-------|--------|-----------
         Aggregated                                                                        10     0(0.00%) |     66       7     188     16 |    1.00        0.00

Type     Name                                                                          # reqs      # fails |    Avg     Min     Max    Med |   req/s  failures/s
--------|----------------------------------------------------------------------------|-------|-------------|-------|-------|-------|-------|--------|-----------
POST     [Auth] Register                                                                    3     0(0.00%) |    185     183     188    183 |    0.00        0.00
GET      [Landlord] Earnings                                                                1     0(0.00%) |     38      38      38     38 |    0.10        0.00
GET      [Landlord] My Tickets                                                              1     0(0.00%) |      7       7       7      7 |    0.00        0.00
GET      [Landlord] Payout Methods                                                          1     0(0.00%) |      9       9       9      9 |    0.10        0.00
GET      [Tenant] My Tickets                                                                1     0(0.00%) |      9       9       9      9 |    0.10        0.00
GET      [Tenant] Search Props                                                              2     0(0.00%) |     12       9      15      9 |    0.10        0.00
GET      [Tenant] Search Roommates                                                          2     0(0.00%) |     27      22      32     22 |    0.10        0.00
--------|----------------------------------------------------------------------------|-------|-------------|-------|-------|-------|-------|--------|-----------
         Aggregated                                                                        11     0(0.00%) |     63       7     188     22 |    0.50        0.00

[2026-01-20 13:30:26,797] pacman-4/ERROR/locust.user.task: 8
Traceback (most recent call last):
  File "/opt/anaconda3/lib/python3.13/site-packages/locust/user/task.py", line 362, in run
    self.execute_next_task()
    ~~~~~~~~~~~~~~~~~~~~~~^^
  File "/opt/anaconda3/lib/python3.13/site-packages/locust/user/task.py", line 395, in execute_next_task
    self.execute_task(self._task_queue.popleft())
    ~~~~~~~~~~~~~~~~~^^^^^^^^^^^^^^^^^^^^^^^^^^^^
  File "/opt/anaconda3/lib/python3.13/site-packages/locust/user/task.py", line 512, in execute_task
    task(self.user)
    ~~~~^^^^^^^^^^^
  File "/Users/puspo/Desktop/SOFTWARE_PROJECT/StayMate/staymate-load-test/locustfile.py", line 280, in handle_maintenance
    t = random.choice(reqs)
  File "/opt/anaconda3/lib/python3.13/random.py", line 352, in choice
    return seq[self._randbelow(len(seq))]
           ~~~^^^^^^^^^^^^^^^^^^^^^^^^^^^
KeyError: 8

[2026-01-20 13:30:27,268] pacman-4/INFO/locust.main: --run-time limit reached, shutting down
[2026-01-20 13:30:27,282] pacman-4/INFO/locust.main: Shutting down (exit code 1)
Type     Name                                                                          # reqs      # fails |    Avg     Min     Max    Med |   req/s  failures/s
--------|----------------------------------------------------------------------------|-------|-------------|-------|-------|-------|-------|--------|-----------
POST     [Auth] Register                                                                    3     0(0.00%) |    185     183     188    183 |    0.22        0.00
GET      [Landlord] Earnings                                                                1     0(0.00%) |     38      38      38     38 |    0.07        0.00
GET      [Landlord] My Tickets                                                              1     0(0.00%) |      7       7       7      7 |    0.07        0.00
GET      [Landlord] Payout Methods                                                          1     0(0.00%) |      9       9       9      9 |    0.07        0.00
GET      [Tenant] My Tickets                                                                1     0(0.00%) |      9       9       9      9 |    0.07        0.00
GET      [Tenant] Search Props                                                              2     0(0.00%) |     12       9      15      9 |    0.15        0.00
GET      [Tenant] Search Roommates                                                          2     0(0.00%) |     27      22      32     22 |    0.15        0.00
--------|----------------------------------------------------------------------------|-------|-------------|-------|-------|-------|-------|--------|-----------
         Aggregated                                                                        11     0(0.00%) |     63       7     188     22 |    0.82        0.00

Response time percentiles (approximated)
Type     Name                                                                                  50%    66%    75%    80%    90%    95%    98%    99%  99.9% 99.99%   100% # reqs
--------|--------------------------------------------------------------------------------|--------|------|------|------|------|------|------|------|------|------|------|------
POST     [Auth] Register                                                                       180    180    190    190    190    190    190    190    190    190    190      3
GET      [Landlord] Earnings                                                                    39     39     39     39     39     39     39     39     39     39     39      1
GET      [Landlord] My Tickets                                                                   7      7      7      7      7      7      7      7      7      7      7      1
GET      [Landlord] Payout Methods                                                              10     10     10     10     10     10     10     10     10     10     10      1
GET      [Tenant] My Tickets                                                                     9      9      9      9      9      9      9      9      9      9      9      1
GET      [Tenant] Search Props                                                                  16     16     16     16     16     16     16     16     16     16     16      2
GET      [Tenant] Search Roommates                                                              32     32     32     32     32     32     32     32     32     32     32      2
--------|--------------------------------------------------------------------------------|--------|------|------|------|------|------|------|------|------|------|------|------
         Aggregated                                                                             22     39    180    180    180    190    190    190    190    190    190     11

